Build started 12/15/2014 10:51:57 PM.
     1>Project "C:\Users\Aditya\Desktop\ad\New Folder\cs\OglTutorial-master\OpenGL\OpenGL.vcxproj" on node 2 (Build target(s)).
     1>ClCompile:
         C:\Program Files (x86)\Microsoft Visual Studio 12.0\VC\bin\CL.exe /c /ZI /nologo /W3 /WX- /Od /Oy- /D WIN32 /D _DEBUG /D _CONSOLE /D _LIB /D _UNICODE /D UNICODE /Gm /EHsc /RTC1 /MDd /GS /fp:precise /Zc:wchar_t /Zc:forScope /Fo"Debug\\" /Fd"Debug\vc120.pdb" /Gd /TP /analyze- /errorReport:prompt GLApp007.cpp
         GLApp007.cpp
       Link:
         C:\Program Files (x86)\Microsoft Visual Studio 12.0\VC\bin\link.exe /ERRORREPORT:PROMPT /OUT:"C:\Users\Aditya\Desktop\ad\New Folder\cs\OglTutorial-master\Debug\OpenGL.exe" /INCREMENTAL /NOLOGO kernel32.lib user32.lib gdi32.lib winspool.lib comdlg32.lib advapi32.lib shell32.lib ole32.lib oleaut32.lib uuid.lib odbc32.lib odbccp32.lib kernel32.lib user32.lib gdi32.lib winspool.lib comdlg32.lib advapi32.lib shell32.lib ole32.lib oleaut32.lib uuid.lib odbc32.lib odbccp32.lib freeglut.lib glew32.lib FreeImage.lib /MANIFEST /MANIFESTUAC:"level='asInvoker' uiAccess='false'" /manifest:embed /DEBUG /PDB:"C:\Users\Aditya\Desktop\ad\New Folder\cs\OglTutorial-master\Debug\OpenGL.pdb" /SUBSYSTEM:CONSOLE /TLBID:1 /DYNAMICBASE /NXCOMPAT /IMPLIB:"C:\Users\Aditya\Desktop\ad\New Folder\cs\OglTutorial-master\Debug\OpenGL.lib" /MACHINE:X86 Debug\GLApp001.obj
         Debug\GLApp002.obj
         Debug\GLApp003.obj
         Debug\GLApp004.obj
         Debug\GLApp005.obj
         Debug\GLApp006.obj
         Debug\GLApp007.obj
         Debug\GLApps.obj
         Debug\GLGeometry.obj
         Debug\GLMain.obj
         Debug\GLShader.obj
         Debug\GLTexture.obj
         Debug\GLTransforms.obj
         Debug\GLUtils.obj
         Debug\GLVertexBuffer.obj
         Debug\main.obj
         OpenGL.vcxproj -> C:\Users\Aditya\Desktop\ad\New Folder\cs\OglTutorial-master\Debug\OpenGL.exe
     1>Done Building Project "C:\Users\Aditya\Desktop\ad\New Folder\cs\OglTutorial-master\OpenGL\OpenGL.vcxproj" (Build target(s)).

Build succeeded.

Time Elapsed 00:00:01.26
